<?xml version="1.0" encoding="UTF-8" ?>

<testsuite failures="0" time="0.044" errors="1" skipped="0" tests="0" name="BasicTests">
  <testcase classname="BasicTests" name="Instantiating a UserDao should work" time="0.044">
                        <error type="" message="

      GRATER GLITCH - unable to find or instantiate a grater using supplied path name

      REASON: Very strange!  Path='models.User' from pickled ScalaSig causes ClassNotFoundException

      Context: 'global'
      Path from pickled Scala sig: 'models.User'


       ">
          In /test/Tests.scala, line 13
          
                    val dao = UserDao :
          
        </error>
                  <system-err>
            com.novus.salat.GraterGlitch: 

      GRATER GLITCH - unable to find or instantiate a grater using supplied path name

      REASON: Very strange!  Path='models.User' from pickled ScalaSig causes ClassNotFoundException

      Context: 'global'
      Path from pickled Scala sig: 'models.User'


       
	at com.novus.salat.Context$class.generate(Context.scala:128)
	at com.novus.salat.global.package$$anon$1.generate(global.scala:24)
	at com.novus.salat.Context$$anonfun$lookup_$bang$1.apply(Context.scala:137)
	at com.novus.salat.Context$$anonfun$lookup_$bang$1.apply(Context.scala:137)
	at scala.Option.getOrElse(Option.scala:104)
	at com.novus.salat.Context$class.lookup_$bang(Context.scala:137)
	at com.novus.salat.global.package$$anon$1.lookup_$bang(global.scala:24)
	at com.novus.salat.Context$class.lookup_$bang(Context.scala:140)
	at com.novus.salat.global.package$$anon$1.lookup_$bang(global.scala:24)
	at com.novus.salat.package$.grater(package.scala:46)
	at models.UserDao$.<init>(app/models/User.scala:26)
	at models.UserDao$.<clinit>(app/models/User.scala)
	at BasicTests$$anonfun$1.apply$mcV$sp(test/Tests.scala:13)
	at BasicTests$$anonfun$1.apply(test/Tests.scala:12)
	at BasicTests$$anonfun$1.apply(test/Tests.scala:12)
	at org.scalatest.FlatSpec$$anon$2.apply(FlatSpec.scala:2563)
	at org.scalatest.Suite$class.withFixture(Suite.scala:1509)
	at BasicTests.withFixture(test/Tests.scala:10)
	at org.scalatest.FlatSpec$class.runTest(FlatSpec.scala:2560)
	at BasicTests.runTest(test/Tests.scala:10)
	at org.scalatest.FlatSpec$$anonfun$org$scalatest$FlatSpec$$runTestsInBranch$1.apply(FlatSpec.scala:2485)
	at org.scalatest.FlatSpec$$anonfun$org$scalatest$FlatSpec$$runTestsInBranch$1.apply(FlatSpec.scala:2474)
	at scala.collection.LinearSeqOptimized$class.foreach(LinearSeqOptimized.scala:61)
	at scala.collection.immutable.List.foreach(List.scala:45)
	at org.scalatest.FlatSpec$class.org$scalatest$FlatSpec$$runTestsInBranch(FlatSpec.scala:2473)
	at org.scalatest.FlatSpec$$anonfun$org$scalatest$FlatSpec$$runTestsInBranch$1.apply(FlatSpec.scala:2493)
	at org.scalatest.FlatSpec$$anonfun$org$scalatest$FlatSpec$$runTestsInBranch$1.apply(FlatSpec.scala:2474)
	at scala.collection.LinearSeqOptimized$class.foreach(LinearSeqOptimized.scala:61)
	at scala.collection.immutable.List.foreach(List.scala:45)
	at org.scalatest.FlatSpec$class.org$scalatest$FlatSpec$$runTestsInBranch(FlatSpec.scala:2473)
	at org.scalatest.FlatSpec$class.runTests(FlatSpec.scala:2687)
	at BasicTests.runTests(test/Tests.scala:10)
	at org.scalatest.Suite$class.run(Suite.scala:1804)
	at BasicTests.org$scalatest$FlatSpec$$super$run(test/Tests.scala:10)
	at org.scalatest.FlatSpec$class.run(FlatSpec.scala:2758)
	at BasicTests.run(test/Tests.scala:10)
	at org.scalatest.tools.SuiteRunner.run(SuiteRunner.scala:59)
	at org.scalatest.tools.ScalaTestRunner$.run(ScalaTestRunner.scala:58)
	at org.scalatest.tools.ScalaTestRunner$.runSuiteClass(ScalaTestRunner.scala:17)
	at play.scalasupport.ScalaPlugin.runTest(ScalaPlugin.scala:173)
	at play.plugins.PluginCollection.runTest(PluginCollection.java:609)
	at play.test.TestEngine.run(TestEngine.java:94)
	at controllers.TestRunner.run(TestRunner.java:67)
	at sun.reflect.NativeMethodAccessorImpl.invoke0(Native Method)
	at sun.reflect.NativeMethodAccessorImpl.invoke(NativeMethodAccessorImpl.java:39)
	at sun.reflect.DelegatingMethodAccessorImpl.invoke(DelegatingMethodAccessorImpl.java:25)
	at java.lang.reflect.Method.invoke(Method.java:597)
	at play.mvc.ActionInvoker.invokeWithContinuation(ActionInvoker.java:540)
	at play.mvc.ActionInvoker.invoke(ActionInvoker.java:498)
	at play.mvc.ActionInvoker.invokeControllerMethod(ActionInvoker.java:474)
	at play.mvc.ActionInvoker.invokeControllerMethod(ActionInvoker.java:469)
	at play.mvc.ActionInvoker.invoke(ActionInvoker.java:157)
	at play.server.PlayHandler$NettyInvocation.execute(PlayHandler.java:237)
	at play.Invoker$Invocation.run(Invoker.java:264)
	at play.server.PlayHandler$NettyInvocation.run(PlayHandler.java:217)
	at java.util.concurrent.Executors$RunnableAdapter.call(Executors.java:441)
	at java.util.concurrent.FutureTask$Sync.innerRun(FutureTask.java:303)
	at java.util.concurrent.FutureTask.run(FutureTask.java:138)
	at java.util.concurrent.ScheduledThreadPoolExecutor$ScheduledFutureTask.access$301(ScheduledThreadPoolExecutor.java:98)
	at java.util.concurrent.ScheduledThreadPoolExecutor$ScheduledFutureTask.run(ScheduledThreadPoolExecutor.java:206)
	at java.util.concurrent.ThreadPoolExecutor$Worker.runTask(ThreadPoolExecutor.java:886)
	at java.util.concurrent.ThreadPoolExecutor$Worker.run(ThreadPoolExecutor.java:908)
	at java.lang.Thread.run(Thread.java:680)

          </system-err>  
        }
            </testcase>
</testsuite>
